<?xml version="1.0" encoding="UTF-8"?>
<testng-results ignored="0" total="1" passed="1" failed="0" skipped="0">
  <reporter-output>
  </reporter-output>
  <suite started-at="2025-07-05T13:51:57 IST" name="Default suite" finished-at="2025-07-05T13:52:20 IST" duration-ms="22584">
    <groups>
    </groups>
    <test started-at="2025-07-05T13:51:57 IST" name="Default test" finished-at="2025-07-05T13:52:20 IST" duration-ms="22584">
      <class name="com.testcases.LoginPageTestConfigData">
        <test-method is-config="true" signature="init()[pri:0, instance:com.testcases.LoginPageTestConfigData@13b6aecc]" started-at="2025-07-05T13:51:55 IST" name="init" finished-at="2025-07-05T13:51:57 IST" duration-ms="1457" status="PASS">
          <reporter-output>
          </reporter-output>
        </test-method> <!-- init -->
        <test-method is-config="true" signature="setup(java.lang.String)[pri:0, instance:com.testcases.LoginPageTestConfigData@13b6aecc]" started-at="2025-07-05T13:51:57 IST" name="setup" description="Browser setup before we start with testing " finished-at="2025-07-05T13:52:02 IST" duration-ms="5493" status="PASS">
          <params>
            <param index="0">
              <value>
                <![CDATA[CHROME]]>
              </value>
            </param>
          </params>
          <reporter-output>
          </reporter-output>
        </test-method> <!-- setup -->
        <test-method is-config="true" signature="pageint()[pri:0, instance:com.testcases.LoginPageTestConfigData@13b6aecc]" started-at="2025-07-05T13:52:03 IST" name="pageint" finished-at="2025-07-05T13:52:03 IST" duration-ms="101" status="PASS">
          <reporter-output>
          </reporter-output>
        </test-method> <!-- pageint -->
        <test-method signature="loginTest2()[pri:2, instance:com.testcases.LoginPageTestConfigData@13b6aecc]" started-at="2025-07-05T13:52:03 IST" name="loginTest2" finished-at="2025-07-05T13:52:16 IST" duration-ms="13171" status="PASS">
          <reporter-output>
          </reporter-output>
        </test-method> <!-- loginTest2 -->
        <test-method is-config="true" signature="teardown()[pri:0, instance:com.testcases.LoginPageTestConfigData@13b6aecc]" started-at="2025-07-05T13:52:16 IST" name="teardown" finished-at="2025-07-05T13:52:20 IST" duration-ms="3650" status="PASS">
          <reporter-output>
          </reporter-output>
        </test-method> <!-- teardown -->
      </class> <!-- com.testcases.LoginPageTestConfigData -->
    </test> <!-- Default test -->
  </suite> <!-- Default suite -->
</testng-results>
