<?xml version="1.0" encoding="UTF-8"?>
<!-- Generated by org.testng.reporters.JUnitXMLReporter -->
<testsuite ignored="0" hostname="Vasant" failures="0" tests="4" name="Login Test" time="15.975" errors="0" timestamp="2025-06-29T14:12:35 IST">
  <testcase classname="com.testcases.LoginPageTC" name="verifyLoginPageTitle" time="0.06"/>
  <testcase classname="com.testcases.LoginPageTC" name="verifyOrangeHRMLogo" time="3.155"/>
  <testcase classname="com.testcases.LoginPageTC" name="verifyOrangeHRMLinks" time="0.171"/>
  <testcase classname="com.testcases.LoginPageTC" name="verifyForgotPasswordLinkText" time="0.057"/>
</testsuite> <!-- Login Test -->
